app/page.tsx(5,22): error TS2307: Cannot find module '../components/AuthForm' or its corresponding type declarations.
app/page.tsx(30,29): error TS7006: Parameter 'token' implicitly has an 'any' type.
app/project/[id]/layout.tsx(2,20): error TS2307: Cannot find module '../../../components/ProjectNav' or its corresponding type declarations.
app/project/[id]/layout.tsx(6,10): error TS2614: Module '"../../../components/ui/button"' has no exported member 'Button'. Did you mean to use 'import Button from "../../../components/ui/button"' instead?
app/project/[id]/layout.tsx(18,26): error TS2307: Cannot find module '@/components/MenuDropdown' or its corresponding type declarations.
app/projects/page.tsx(4,29): error TS2307: Cannot find module '../../components/ProjectSelector' or its corresponding type declarations.
components/Canvas.tsx(20,26): error TS2307: Cannot find module '../components/QuestionCard' or its corresponding type declarations.
components/Canvas.tsx(21,32): error TS2307: Cannot find module '../components/SourceMaterialCard' or its corresponding type declarations.
components/Canvas.tsx(22,25): error TS2307: Cannot find module '../components/InsightCard' or its corresponding type declarations.
components/Canvas.tsx(23,25): error TS2307: Cannot find module '../components/ThoughtCard' or its corresponding type declarations.
components/Canvas.tsx(24,23): error TS2307: Cannot find module '../components/BottomNav' or its corresponding type declarations.
components/Canvas.tsx(25,23): error TS2307: Cannot find module '../components/SidePanel' or its corresponding type declarations.
components/Canvas.tsx(26,38): error TS2307: Cannot find module './FullscreenFileViewer' or its corresponding type declarations.
components/Canvas.tsx(27,50): error TS2307: Cannot find module '../components/useFileUploadHandler' or its corresponding type declarations.
components/cards/InsightCard.tsx(2,17): error TS2307: Cannot find module './Tag' or its corresponding type declarations.
components/cards/InsightCard.tsx(4,33): error TS2307: Cannot find module './FileListDisplay' or its corresponding type declarations.
components/cards/QuestionCard.tsx(2,17): error TS2307: Cannot find module './Tag' or its corresponding type declarations.
components/cards/QuestionCard.tsx(4,33): error TS2307: Cannot find module './FileListDisplay' or its corresponding type declarations.
components/cards/SourceMaterialCard.tsx(2,17): error TS2307: Cannot find module '../components/Tag' or its corresponding type declarations.
components/cards/SourceMaterialCard.tsx(4,33): error TS2307: Cannot find module './FileListDisplay' or its corresponding type declarations.
components/cards/ThoughtCard.tsx(3,33): error TS2307: Cannot find module './FileListDisplay' or its corresponding type declarations.
components/chat/ChatExperience.tsx(4,26): error TS2307: Cannot find module './useFileUploadHandler' or its corresponding type declarations.
components/chat/ChatExperienceBase.tsx(2,10): error TS2614: Module '"@/components/ui/button"' has no exported member 'Button'. Did you mean to use 'import Button from "@/components/ui/button"' instead?
components/chat/ChatExperienceBase.tsx(8,33): error TS2307: Cannot find module './FileListDisplay' or its corresponding type declarations.
components/chat/ChatExperienceBase.tsx(9,50): error TS2307: Cannot find module './useFileUploadHandler' or its corresponding type declarations.
components/chat/ChatExperienceBase.tsx(10,22): error TS2307: Cannot find module './FileChip' or its corresponding type declarations.
components/chat/ChatExperienceBase.tsx(757,30): error TS7006: Parameter 'err' implicitly has an 'any' type.
components/chat/InsightChatExperience.tsx(2,26): error TS2307: Cannot find module './useFileUploadHandler' or its corresponding type declarations.
components/chat/QuestionChatExperience.tsx(4,26): error TS2307: Cannot find module './useFileUploadHandler' or its corresponding type declarations.
components/chat/ThoughtChatExperience.tsx(2,26): error TS2307: Cannot find module './useFileUploadHandler' or its corresponding type declarations.
components/file-handlers/FileUploadSection.tsx(1,24): error TS2307: Cannot find module './ui/button' or its corresponding type declarations.
components/forms/AccountSettings.tsx(7,10): error TS2614: Module '"@/components/ui/button"' has no exported member 'Button'. Did you mean to use 'import Button from "@/components/ui/button"' instead?
components/forms/AccountSettings.tsx(8,24): error TS2307: Cannot find module '@/components/DrawerTabs' or its corresponding type declarations.
components/forms/AuthForm.tsx(2,24): error TS2307: Cannot find module '../components/ui/button' or its corresponding type declarations.
components/forms/ResetPasswordModal.tsx(8,10): error TS2614: Module '"@/components/ui/button"' has no exported member 'Button'. Did you mean to use 'import Button from "@/components/ui/button"' instead?
components/layout/LinkedCardsTab.tsx(2,24): error TS2307: Cannot find module './ui/button' or its corresponding type declarations.
components/layout/LinkedCardsTab.tsx(3,32): error TS2307: Cannot find module './SourceMaterialCard' or its corresponding type declarations.
components/layout/LinkedCardsTab.tsx(4,26): error TS2307: Cannot find module './QuestionCard' or its corresponding type declarations.
components/layout/LinkedCardsTab.tsx(5,25): error TS2307: Cannot find module './InsightCard' or its corresponding type declarations.
components/layout/LinkedCardsTab.tsx(6,25): error TS2307: Cannot find module './ThoughtCard' or its corresponding type declarations.
components/layout/SidePanel.tsx(4,24): error TS2307: Cannot find module './DrawerTabs' or its corresponding type declarations.
components/layout/SidePanel.tsx(5,28): error TS2307: Cannot find module './ChatExperience' or its corresponding type declarations.
components/layout/SidePanel.tsx(6,36): error TS2307: Cannot find module './QuestionChatExperience' or its corresponding type declarations.
components/layout/SidePanel.tsx(7,35): error TS2307: Cannot find module './InsightChatExperience' or its corresponding type declarations.
components/layout/SidePanel.tsx(8,35): error TS2307: Cannot find module './ThoughtChatExperience' or its corresponding type declarations.
components/layout/SidePanel.tsx(9,24): error TS2307: Cannot find module './ui/button' or its corresponding type declarations.
components/layout/SidePanel.tsx(12,31): error TS2307: Cannot find module './FileUploadSection' or its corresponding type declarations.
components/layout/SidePanel.tsx(13,40): error TS2307: Cannot find module './useFileUploadHandler' or its corresponding type declarations.
components/layout/SidePanel.tsx(130,10): error TS7006: Parameter 'newFiles' implicitly has an 'any' type.
components/layout/SidePanel.tsx(267,10): error TS7006: Parameter 'newFiles' implicitly has an 'any' type.
components/layout/SidePanel.tsx(345,10): error TS7006: Parameter 'newFiles' implicitly has an 'any' type.
components/layout/SidePanel.tsx(1028,10): error TS7006: Parameter 'newFiles' implicitly has an 'any' type.
components/ui/BottomNav.tsx(5,20): error TS2307: Cannot find module '../components/Button' or its corresponding type declarations.
components/ui/BottomNav.tsx(6,20): error TS2307: Cannot find module '../components/Switch' or its corresponding type declarations.
components/ui/combobox.tsx(6,10): error TS2614: Module '"@/components/ui/button"' has no exported member 'Button'. Did you mean to use 'import Button from "@/components/ui/button"' instead?
components/ui/MenuDropdown.tsx(9,10): error TS2614: Module '"@/components/ui/button"' has no exported member 'Button'. Did you mean to use 'import Button from "@/components/ui/button"' instead?
components/ui/MenuDropdown.tsx(12,29): error TS2307: Cannot find module '@/components/AccountSettings' or its corresponding type declarations.
components/ui/ProjectNav.tsx(6,20): error TS1149: File name '/Users/Emily/paper-mapper/frontend/src/components/ui/Button.tsx' differs from already included file name '/Users/Emily/paper-mapper/frontend/src/components/ui/button.tsx' only in casing.
  The file is in the program because:
    Imported via "../../../components/ui/button" from file '/Users/Emily/paper-mapper/frontend/src/app/project/[id]/layout.tsx'
    Imported via "@/components/ui/button" from file '/Users/Emily/paper-mapper/frontend/src/components/chat/ChatExperienceBase.tsx'
    Imported via "@/components/ui/button" from file '/Users/Emily/paper-mapper/frontend/src/components/forms/AccountSettings.tsx'
    Imported via "@/components/ui/button" from file '/Users/Emily/paper-mapper/frontend/src/components/forms/ResetPasswordModal.tsx'
    Imported via "@/components/ui/button" from file '/Users/Emily/paper-mapper/frontend/src/components/ui/MenuDropdown.tsx'
    Imported via "./Button" from file '/Users/Emily/paper-mapper/frontend/src/components/ui/ProjectNav.tsx'
    Matched by include pattern '**/*.tsx' in '/Users/Emily/paper-mapper/frontend/tsconfig.json'
    Imported via "@/components/ui/button" from file '/Users/Emily/paper-mapper/frontend/src/components/ui/combobox.tsx'
components/ui/ProjectSelector.tsx(2,24): error TS2307: Cannot find module './ui/button' or its corresponding type declarations.
